Build started 5/11/2017 11:42:42 PM.
     1>Project "E:\Program Files (x86)\BWAPI\ExampleAIModule\ExampleAIModule.vcxproj" on node 2 (Build target(s)).
     1>ClCompile:
         C:\Program Files (x86)\Microsoft Visual Studio 12.0\VC\bin\CL.exe /c /I../include /Zi /nologo /W3 /WX- /MP /Od /Oy- /D NOMINMAX /D WIN32 /D _DEBUG /D _WINDOWS /D _USRDLL /D EXAMPLEAIMODULE_EXPORTS /D _WINDLL /D _UNICODE /D UNICODE /Gm- /EHsc /RTC1 /MDd /GS /fp:precise /Zc:wchar_t /Zc:forScope /Fo"Debug\\" /Fd"Debug\vc120.pdb" /Gd /TP /analyze- /errorReport:prompt Source\Dll.cpp Source\ExampleAIModule.cpp Source\MacroManager.cpp Source\MilitaryManager.cpp Source\WorkerManager.cpp
         Dll.cpp
         ExampleAIModule.cpp
         MacroManager.cpp
         MilitaryManager.cpp
         WorkerManager.cpp
       Link:
         C:\Program Files (x86)\Microsoft Visual Studio 12.0\VC\bin\link.exe /ERRORREPORT:PROMPT /OUT:"E:\Program Files (x86)\BWAPI\Debug\ExampleAIModule.dll" /INCREMENTAL:NO /NOLOGO ../lib/BWAPId.lib kernel32.lib user32.lib gdi32.lib winspool.lib comdlg32.lib advapi32.lib shell32.lib ole32.lib oleaut32.lib uuid.lib odbc32.lib odbccp32.lib /MANIFEST /MANIFESTUAC:"level='asInvoker' uiAccess='false'" /manifest:embed /DEBUG /PDB:"E:\Program Files (x86)\BWAPI\Debug\ExampleAIModule.pdb" /SUBSYSTEM:WINDOWS /TLBID:1 /DYNAMICBASE /NXCOMPAT /IMPLIB:"Debug\ExampleAIModule.lib" /MACHINE:X86 /SAFESEH /DLL Debug\AIBase.obj
         Debug\EasyBMP.obj
         Debug\area.obj
         Debug\base.obj
         Debug\bwapiExt.obj
         Debug\bwem.obj
         Debug\cp.obj
         Debug\examples.obj
         Debug\graph.obj
         Debug\gridMap.obj
         Debug\map.obj
         Debug\mapDrawer.obj
         Debug\mapImpl.obj
         Debug\mapPrinter.obj
         Debug\neutral.obj
         Debug\tiles.obj
         Debug\utils.obj
         Debug\winutils.obj
         Debug\Dll.obj
         Debug\ExampleAIModule.obj
         Debug\MacroManager.obj
         Debug\MilitaryManager.obj
         Debug\Object.obj
         Debug\WorkerManager.obj
            Creating library Debug\ExampleAIModule.lib and object Debug\ExampleAIModule.exp
         ExampleAIModule.vcxproj -> E:\Program Files (x86)\BWAPI\Debug\ExampleAIModule.dll
     1>Done Building Project "E:\Program Files (x86)\BWAPI\ExampleAIModule\ExampleAIModule.vcxproj" (Build target(s)).

Build succeeded.

Time Elapsed 00:00:02.10
