e:\program files (x86)\bwapi\exampleaimodule\release\exampleaimodule.obj
e:\program files (x86)\bwapi\exampleaimodule\release\militarymanager.obj
e:\program files (x86)\bwapi\exampleaimodule\release\workermanager.obj
e:\program files (x86)\bwapi\exampleaimodule\release\object.obj
e:\program files (x86)\bwapi\exampleaimodule\release\macromanager.obj
e:\program files (x86)\bwapi\exampleaimodule\release\dll.obj
e:\program files (x86)\bwapi\exampleaimodule\release\base.obj
e:\program files (x86)\bwapi\exampleaimodule\release\vc120.pdb
e:\program files (x86)\bwapi\exampleaimodule\release\bwapiext.obj
e:\program files (x86)\bwapi\exampleaimodule\release\map.obj
e:\program files (x86)\bwapi\exampleaimodule\release\bwem.obj
e:\program files (x86)\bwapi\exampleaimodule\release\mapdrawer.obj
e:\program files (x86)\bwapi\exampleaimodule\release\easybmp.obj
e:\program files (x86)\bwapi\exampleaimodule\release\gridmap.obj
e:\program files (x86)\bwapi\exampleaimodule\release\utils.obj
e:\program files (x86)\bwapi\exampleaimodule\release\graph.obj
e:\program files (x86)\bwapi\exampleaimodule\release\winutils.obj
e:\program files (x86)\bwapi\exampleaimodule\release\examples.obj
e:\program files (x86)\bwapi\exampleaimodule\release\mapimpl.obj
e:\program files (x86)\bwapi\exampleaimodule\release\area.obj
e:\program files (x86)\bwapi\exampleaimodule\release\tiles.obj
e:\program files (x86)\bwapi\exampleaimodule\release\cp.obj
e:\program files (x86)\bwapi\exampleaimodule\release\mapprinter.obj
e:\program files (x86)\bwapi\exampleaimodule\release\neutral.obj
e:\program files (x86)\bwapi\exampleaimodule\release\aibase.obj
e:\program files (x86)\bwapi\exampleaimodule\release\exampleaimodule.lib
e:\program files (x86)\bwapi\exampleaimodule\release\exampleaimodule.exp
e:\program files (x86)\bwapi\release\exampleaimodule.dll
e:\program files (x86)\bwapi\release\exampleaimodule.pdb
e:\program files (x86)\bwapi\exampleaimodule\release\exampleaimodule.tlog\cl.command.1.tlog
e:\program files (x86)\bwapi\exampleaimodule\release\exampleaimodule.tlog\cl.read.1.tlog
e:\program files (x86)\bwapi\exampleaimodule\release\exampleaimodule.tlog\cl.write.1.tlog
e:\program files (x86)\bwapi\exampleaimodule\release\exampleaimodule.tlog\exampleaimodule.write.1u.tlog
e:\program files (x86)\bwapi\exampleaimodule\release\exampleaimodule.tlog\link.command.1.tlog
e:\program files (x86)\bwapi\exampleaimodule\release\exampleaimodule.tlog\link.read.1.tlog
e:\program files (x86)\bwapi\exampleaimodule\release\exampleaimodule.tlog\link.write.1.tlog
